\BOOKMARK [1][-]{section.1}{Vision and scope}{}% 1
\BOOKMARK [2][-]{subsection.1.1}{Project Background}{section.1}% 2
\BOOKMARK [2][-]{subsection.1.2}{Project vision}{section.1}% 3
\BOOKMARK [2][-]{subsection.1.3}{Project scope}{section.1}% 4
\BOOKMARK [1][-]{section.2}{Application requirements and design}{}% 5
\BOOKMARK [2][-]{subsection.2.1}{Authentication}{section.2}% 6
\BOOKMARK [3][-]{subsubsection.2.1.1}{scope}{subsection.2.1}% 7
\BOOKMARK [3][-]{subsubsection.2.1.2}{Use Cases}{subsection.2.1}% 8
\BOOKMARK [3][-]{subsubsection.2.1.3}{Domain Model}{subsection.2.1}% 9
\BOOKMARK [2][-]{subsection.2.2}{Manuscript Management}{section.2}% 10
\BOOKMARK [3][-]{subsubsection.2.2.1}{Scope}{subsection.2.2}% 11
\BOOKMARK [3][-]{subsubsection.2.2.2}{Use Cases}{subsection.2.2}% 12
\BOOKMARK [3][-]{subsubsection.2.2.3}{Domain Model}{subsection.2.2}% 13
\BOOKMARK [2][-]{subsection.2.3}{Communication}{section.2}% 14
\BOOKMARK [3][-]{subsubsection.2.3.1}{scope}{subsection.2.3}% 15
\BOOKMARK [3][-]{subsubsection.2.3.2}{Use Cases}{subsection.2.3}% 16
\BOOKMARK [3][-]{subsubsection.2.3.3}{Domain Model}{subsection.2.3}% 17
\BOOKMARK [2][-]{subsection.2.4}{Reporting}{section.2}% 18
\BOOKMARK [3][-]{subsubsection.2.4.1}{Scope}{subsection.2.4}% 19
\BOOKMARK [3][-]{subsubsection.2.4.2}{Use Cases}{subsection.2.4}% 20
\BOOKMARK [3][-]{subsubsection.2.4.3}{Domain Model}{subsection.2.4}% 21
\BOOKMARK [2][-]{subsection.2.5}{Production}{section.2}% 22
\BOOKMARK [3][-]{subsubsection.2.5.1}{scope}{subsection.2.5}% 23
\BOOKMARK [3][-]{subsubsection.2.5.2}{Use Cases}{subsection.2.5}% 24
\BOOKMARK [3][-]{subsubsection.2.5.3}{Domain Model}{subsection.2.5}% 25
\BOOKMARK [2][-]{subsection.2.6}{Design}{section.2}% 26
\BOOKMARK [3][-]{subsubsection.2.6.1}{scope}{subsection.2.6}% 27
\BOOKMARK [3][-]{subsubsection.2.6.2}{Use Cases}{subsection.2.6}% 28
\BOOKMARK [3][-]{subsubsection.2.6.3}{Domain Model}{subsection.2.6}% 29
