\BOOKMARK [1][-]{section.1}{Vision and scope}{}% 1
\BOOKMARK [2][-]{subsection.1.1}{Project Background}{section.1}% 2
\BOOKMARK [2][-]{subsection.1.2}{Project vision}{section.1}% 3
\BOOKMARK [2][-]{subsection.1.3}{Project scope}{section.1}% 4
\BOOKMARK [1][-]{section.2}{Application requirements and design}{}% 5
\BOOKMARK [2][-]{subsection.2.1}{Authentication}{section.2}% 6
\BOOKMARK [3][-]{subsubsection.2.1.1}{scope}{subsection.2.1}% 7
\BOOKMARK [3][-]{subsubsection.2.1.2}{Use Cases}{subsection.2.1}% 8
\BOOKMARK [2][-]{subsection.2.2}{Manuscript Management}{section.2}% 9
\BOOKMARK [3][-]{subsubsection.2.2.1}{scope}{subsection.2.2}% 10
\BOOKMARK [3][-]{subsubsection.2.2.2}{Use Cases}{subsection.2.2}% 11
\BOOKMARK [2][-]{subsection.2.3}{Reporting}{section.2}% 12
\BOOKMARK [3][-]{subsubsection.2.3.1}{scope}{subsection.2.3}% 13
\BOOKMARK [3][-]{subsubsection.2.3.2}{Use Cases}{subsection.2.3}% 14
\BOOKMARK [2][-]{subsection.2.4}{Communication}{section.2}% 15
\BOOKMARK [3][-]{subsubsection.2.4.1}{scope}{subsection.2.4}% 16
\BOOKMARK [3][-]{subsubsection.2.4.2}{Use Cases}{subsection.2.4}% 17
\BOOKMARK [2][-]{subsection.2.5}{Design}{section.2}% 18
\BOOKMARK [3][-]{subsubsection.2.5.1}{scope}{subsection.2.5}% 19
\BOOKMARK [3][-]{subsubsection.2.5.2}{Use Cases}{subsection.2.5}% 20
\BOOKMARK [2][-]{subsection.2.6}{Production}{section.2}% 21
\BOOKMARK [3][-]{subsubsection.2.6.1}{scope}{subsection.2.6}% 22
\BOOKMARK [3][-]{subsubsection.2.6.2}{Use Cases}{subsection.2.6}% 23
