\BOOKMARK [1][-]{section.1}{The Team}{}% 1
\BOOKMARK [2][-]{subsection.1.1}{Jimmy Peleha}{section.1}% 2
\BOOKMARK [3][-]{subsubsection.1.1.1}{Interests:}{subsection.1.1}% 3
\BOOKMARK [3][-]{subsubsection.1.1.2}{Technical Skills:}{subsection.1.1}% 4
\BOOKMARK [3][-]{subsubsection.1.1.3}{Relevant Past Experience:}{subsection.1.1}% 5
\BOOKMARK [3][-]{subsubsection.1.1.4}{Non-Technical Strengths:}{subsection.1.1}% 6
\BOOKMARK [3][-]{subsubsection.1.1.5}{Why I chose this project:}{subsection.1.1}% 7
\BOOKMARK [2][-]{subsection.1.2}{Sphelele Malo}{section.1}% 8
\BOOKMARK [3][-]{subsubsection.1.2.1}{Interests:}{subsection.1.2}% 9
\BOOKMARK [3][-]{subsubsection.1.2.2}{Technical Skills:}{subsection.1.2}% 10
\BOOKMARK [3][-]{subsubsection.1.2.3}{Non-Technical Strengths:}{subsection.1.2}% 11
\BOOKMARK [3][-]{subsubsection.1.2.4}{Why I chose this project:}{subsection.1.2}% 12
\BOOKMARK [2][-]{subsection.1.3}{Armand Pieterse}{section.1}% 13
\BOOKMARK [3][-]{subsubsection.1.3.1}{Interests:}{subsection.1.3}% 14
\BOOKMARK [3][-]{subsubsection.1.3.2}{Technical Skills:}{subsection.1.3}% 15
\BOOKMARK [3][-]{subsubsection.1.3.3}{Relevant Past Experience:}{subsection.1.3}% 16
\BOOKMARK [3][-]{subsubsection.1.3.4}{Non- Technical Strengths:}{subsection.1.3}% 17
\BOOKMARK [3][-]{subsubsection.1.3.5}{Why I chose this project:}{subsection.1.3}% 18
\BOOKMARK [2][-]{subsection.1.4}{Kgomotso Sito}{section.1}% 19
\BOOKMARK [3][-]{subsubsection.1.4.1}{Interests:}{subsection.1.4}% 20
\BOOKMARK [3][-]{subsubsection.1.4.2}{Technical Skills:}{subsection.1.4}% 21
\BOOKMARK [3][-]{subsubsection.1.4.3}{Relevant Past Experience:}{subsection.1.4}% 22
\BOOKMARK [3][-]{subsubsection.1.4.4}{Non-Technical Strengths:}{subsection.1.4}% 23
\BOOKMARK [3][-]{subsubsection.1.4.5}{Why I chose this project:}{subsection.1.4}% 24
\BOOKMARK [2][-]{subsection.1.5}{Ndivhuwo Nthambeleni}{section.1}% 25
\BOOKMARK [3][-]{subsubsection.1.5.1}{Interests:}{subsection.1.5}% 26
\BOOKMARK [3][-]{subsubsection.1.5.2}{Technical Skills:}{subsection.1.5}% 27
\BOOKMARK [3][-]{subsubsection.1.5.3}{Relevant Past Experience:}{subsection.1.5}% 28
\BOOKMARK [3][-]{subsubsection.1.5.4}{Non-Technical Strengths:}{subsection.1.5}% 29
\BOOKMARK [3][-]{subsubsection.1.5.5}{Why I chose this project:}{subsection.1.5}% 30
\BOOKMARK [1][-]{section.2}{Project Execution}{}% 31
\BOOKMARK [2][-]{subsection.2.1}{Development Methodology}{section.2}% 32
\BOOKMARK [2][-]{subsection.2.2}{Client-Team Communication}{section.2}% 33
\BOOKMARK [2][-]{subsection.2.3}{Technical Issues}{section.2}% 34
\BOOKMARK [2][-]{subsection.2.4}{Technologies}{section.2}% 35
\BOOKMARK [2][-]{subsection.2.5}{Deliverables}{section.2}% 36
